<?xml version="1.0" encoding="UTF-8"?>
<testsuite name="Registro de nuevos usuarios" tests="1" skipped="0" failures="0" errors="0" timestamp="2021-06-10T23:48:37" hostname="SSMED5CG1081MRN" time="37.941">
  <properties/>
  <testcase name="Registro de usuario exitoso" classname="Registro de nuevos usuarios" time="37.941"/>
  <system-out><![CDATA[]]></system-out>
  <system-err><![CDATA[jun 10, 2021 6:48:37 PM org.openqa.selenium.remote.DesiredCapabilities chrome
INFORMACIÓN: Using `new ChromeOptions()` is preferred to `DesiredCapabilities.chrome()`
[Test worker] INFO net.serenitybdd.core.webdriver.driverproviders.ProvideNewDriver - Instantiating driver
[Test worker] INFO net.serenitybdd.core.webdriver.driverproviders.ProvideNewDriver - Driver capabilities: Capabilities {acceptInsecureCerts: false, browserName: chrome, chrome.switches: --start-maximized,--enable-..., goog:chromeOptions: {args: [--start-maximized, --enable-automation, --no-sandbox, --disable-gpu-sandbox, --enable-automation, --test-type], extensions: []}, loggingPrefs: org.openqa.selenium.logging..., platform: ANY, version: }
Starting ChromeDriver 91.0.4472.19 (1bf021f248676a0b2ab3ee0561d83a59e424c23e-refs/branch-heads/4472@{#288}) on port 39150
Only local connections are allowed.
Please see https://chromedriver.chromium.org/security-considerations for suggestions on keeping ChromeDriver safe.
ChromeDriver was started successfully.
jun 10, 2021 6:48:40 PM org.openqa.selenium.remote.ProtocolHandshake createSession
INFORMACIÓN: Detected dialect: W3C
[Test worker] INFO net.thucydides.core.steps.ConsoleLoggingListener - 
        __    _____ _____ ____ _____   ____   _    ____  ____  _____ ____  
  _     \ \  |_   _| ____/ ___|_   _| |  _ \ / \  / ___|/ ___|| ____|  _ \ 
 (_)_____| |   | | |  _| \___ \ | |   | |_) / _ \ \___ \\___ \|  _| | | | |
  _|_____| |   | | | |___ ___) || |   |  __/ ___ \ ___) |___) | |___| |_| |
 (_)     | |   |_| |_____|____/ |_|   |_| /_/   \_\____/|____/|_____|____/ 
        /_/                                                                

TEST PASSED: Registro de usuario exitoso
----------------------------------------------------------------------------
]]></system-err>
</testsuite>
